Mplus VERSION 7.4
MUTHEN & MUTHEN
02/25/2021   1:59 AM

INPUT INSTRUCTIONS

  TITLE:
  CFA;
  DATA:
  FILE = "m4_aa695dd1a4ce4e5cf60735b5179bb330.dat";

  VARIABLE:
  NAMES = idschool_scr totwgts jkzones actspray actblock actocup acttalk actrep
       actmarch actsign votopre votomun votoinf;
   MISSING=.;

    cluster = idschool_scr;
    Stratification = jkzones;
    Weight = totwgts;
  ANALYSIS:
  type = complex;
  MODEL:

     turnout BY votopre votomun votoinf;
     leg BY acttalk actrep actmarch actsign;
     ill BY actspray actblock actocup;

  OUTPUT:
  CINTERVAL sampstat mod stdyx;



*** WARNING
  Data set contains cases with missing on all variables.
  These cases were not included in the analysis.
  Number of cases with missing on all variables:  338
   1 WARNING(S) FOUND IN THE INPUT INSTRUCTIONS




CFA;

SUMMARY OF ANALYSIS

Number of groups                                                 1
Number of observations                                        3406

Number of dependent variables                                   10
Number of independent variables                                  0
Number of continuous latent variables                            3

Observed dependent variables

  Continuous
   ACTSPRAY    ACTBLOCK    ACTOCUP     ACTTALK     ACTREP      ACTMARCH
   ACTSIGN     VOTOPRE     VOTOMUN     VOTOINF

Continuous latent variables
   TURNOUT     LEG         ILL

Variables with special functions

  Stratification        JKZONES
  Cluster variable      IDSCHOOL
  Weight variable       TOTWGTS

Estimator                                                      MLR
Information matrix                                        OBSERVED
Maximum number of iterations                                  1000
Convergence criterion                                    0.500D-04
Maximum number of steepest descent iterations                   20
Maximum number of iterations for H1                           2000
Convergence criterion for H1                             0.100D-03

Input data file(s)
  m4_aa695dd1a4ce4e5cf60735b5179bb330.dat

Input data format  FREE


SUMMARY OF DATA

     Number of missing data patterns            38
     Number of strata                      75
     Number of clusters                   170


COVARIANCE COVERAGE OF DATA

Minimum covariance coverage value   0.100


     PROPORTION OF DATA PRESENT


           Covariance Coverage
              ACTSPRAY      ACTBLOCK      ACTOCUP       ACTTALK       ACTREP
              ________      ________      ________      ________      ________
 ACTSPRAY       0.990
 ACTBLOCK       0.987         0.991
 ACTOCUP        0.988         0.989         0.992
 ACTTALK        0.988         0.990         0.990         0.995
 ACTREP         0.984         0.986         0.987         0.988         0.989
 ACTMARCH       0.982         0.983         0.984         0.985         0.982
 ACTSIGN        0.986         0.988         0.989         0.990         0.986
 VOTOPRE        0.987         0.988         0.989         0.991         0.986
 VOTOMUN        0.986         0.987         0.988         0.990         0.985
 VOTOINF        0.978         0.979         0.980         0.982         0.978


           Covariance Coverage
              ACTMARCH      ACTSIGN       VOTOPRE       VOTOMUN       VOTOINF
              ________      ________      ________      ________      ________
 ACTMARCH       0.986
 ACTSIGN        0.983         0.992
 VOTOPRE        0.984         0.988         0.994
 VOTOMUN        0.983         0.987         0.993         0.993
 VOTOINF        0.975         0.979         0.985         0.984         0.985


SAMPLE STATISTICS


     ESTIMATED SAMPLE STATISTICS


           Means
              ACTSPRAY      ACTBLOCK      ACTOCUP       ACTTALK       ACTREP
              ________      ________      ________      ________      ________
      1         1.752         1.649         1.652         2.786         2.206


           Means
              ACTMARCH      ACTSIGN       VOTOPRE       VOTOMUN       VOTOINF
              ________      ________      ________      ________      ________
      1         2.553         2.649         3.519         3.465         3.509


           Covariances
              ACTSPRAY      ACTBLOCK      ACTOCUP       ACTTALK       ACTREP
              ________      ________      ________      ________      ________
 ACTSPRAY       0.866
 ACTBLOCK       0.462         0.696
 ACTOCUP        0.453         0.507         0.720
 ACTTALK        0.010         0.041         0.039         0.698
 ACTREP         0.091         0.139         0.127         0.301         0.565
 ACTMARCH       0.048         0.102         0.101         0.195         0.198
 ACTSIGN        0.060         0.109         0.113         0.243         0.219
 VOTOPRE       -0.068        -0.041        -0.036         0.159         0.089
 VOTOMUN       -0.104        -0.052        -0.053         0.151         0.086
 VOTOINF       -0.090        -0.068        -0.058         0.134         0.058


           Covariances
              ACTMARCH      ACTSIGN       VOTOPRE       VOTOMUN       VOTOINF
              ________      ________      ________      ________      ________
 ACTMARCH       0.683
 ACTSIGN        0.334         0.689
 VOTOPRE        0.109         0.124         0.503
 VOTOMUN        0.113         0.126         0.397         0.548
 VOTOINF        0.127         0.128         0.266         0.300         0.543


           Correlations
              ACTSPRAY      ACTBLOCK      ACTOCUP       ACTTALK       ACTREP
              ________      ________      ________      ________      ________
 ACTSPRAY       1.000
 ACTBLOCK       0.596         1.000
 ACTOCUP        0.573         0.717         1.000
 ACTTALK        0.013         0.059         0.055         1.000
 ACTREP         0.130         0.222         0.199         0.480         1.000
 ACTMARCH       0.062         0.148         0.144         0.282         0.319
 ACTSIGN        0.078         0.158         0.160         0.351         0.350
 VOTOPRE       -0.104        -0.069        -0.061         0.269         0.166
 VOTOMUN       -0.151        -0.084        -0.085         0.243         0.154
 VOTOINF       -0.131        -0.110        -0.093         0.218         0.105


           Correlations
              ACTMARCH      ACTSIGN       VOTOPRE       VOTOMUN       VOTOINF
              ________      ________      ________      ________      ________
 ACTMARCH       1.000
 ACTSIGN        0.488         1.000
 VOTOPRE        0.186         0.211         1.000
 VOTOMUN        0.185         0.206         0.757         1.000
 VOTOINF        0.209         0.210         0.509         0.550         1.000


     MAXIMUM LOG-LIKELIHOOD VALUE FOR THE UNRESTRICTED (H1) MODEL IS -34578.111


UNIVARIATE SAMPLE STATISTICS


     UNIVARIATE HIGHER-ORDER MOMENT DESCRIPTIVE STATISTICS

         Variable/         Mean/     Skewness/   Minimum/ % with                Percentiles
        Sample Size      Variance    Kurtosis    Maximum  Min/Max      20%/60%    40%/80%    Median

     ACTSPRAY              1.750       1.016       1.000   52.24%       1.000      1.000      1.000
            3373.000       0.865      -0.030       4.000    6.52%       2.000      3.000
     ACTBLOCK              1.649       1.212       1.000   54.03%       1.000      1.000      1.000
            3376.000       0.696       0.785       4.000    4.56%       2.000      2.000
     ACTOCUP               1.651       1.198       1.000   54.77%       1.000      1.000      1.000
            3378.000       0.719       0.653       4.000    4.77%       2.000      2.000
     ACTTALK               2.786      -0.301       1.000    6.96%       2.000      3.000      3.000
            3390.000       0.698      -0.458       4.000   19.62%       3.000      3.000
     ACTREP                2.207       0.320       1.000   15.11%       2.000      2.000      2.000
            3369.000       0.564      -0.098       4.000    4.81%       2.000      3.000
     ACTMARCH              2.553      -0.016       1.000    9.32%       2.000      2.000      3.000
            3359.000       0.683      -0.550       4.000   12.44%       3.000      3.000
     ACTSIGN               2.649      -0.165       1.000    8.56%       2.000      2.000      3.000
            3378.000       0.688      -0.514       4.000   14.48%       3.000      3.000
     VOTOPRE               3.519      -1.535       1.000    2.30%       3.000      4.000      4.000
            3386.000       0.503       2.185       4.000   62.64%       4.000      4.000
     VOTOMUN               3.466      -1.364       1.000    2.54%       3.000      3.000      4.000
            3382.000       0.548       1.466       4.000   59.40%       4.000      4.000
     VOTOINF               3.511      -1.515       1.000    2.50%       3.000      4.000      4.000
            3356.000       0.542       1.853       4.000   63.50%       4.000      4.000


THE MODEL ESTIMATION TERMINATED NORMALLY



MODEL FIT INFORMATION

Number of Free Parameters                       33

Loglikelihood

          H0 Value                      -34848.116
          H0 Scaling Correction Factor      1.7694
            for MLR
          H1 Value                      -34578.111
          H1 Scaling Correction Factor      1.5502
            for MLR

Information Criteria

          Akaike (AIC)                   69762.233
          Bayesian (BIC)                 69964.632
          Sample-Size Adjusted BIC       69859.775
            (n* = (n + 2) / 24)

Chi-Square Test of Model Fit

          Value                            407.838*
          Degrees of Freedom                    32
          P-Value                           0.0000
          Scaling Correction Factor         1.3241
            for MLR

*   The chi-square value for MLM, MLMV, MLR, ULSMV, WLSM and WLSMV cannot be used
    for chi-square difference testing in the regular way.  MLM, MLR and WLSM
    chi-square difference testing is described on the Mplus website.  MLMV, WLSMV,
    and ULSMV difference testing is done using the DIFFTEST option.

RMSEA (Root Mean Square Error Of Approximation)

          Estimate                           0.059
          90 Percent C.I.                    0.054  0.064
          Probability RMSEA <= .05           0.002

CFI/TLI

          CFI                                0.950
          TLI                                0.930

Chi-Square Test of Model Fit for the Baseline Model

          Value                           7558.458
          Degrees of Freedom                    45
          P-Value                           0.0000

SRMR (Standardized Root Mean Square Residual)

          Value                              0.042



MODEL RESULTS

                                                    Two-Tailed
                    Estimate       S.E.  Est./S.E.    P-Value

 TURNOUT  BY
    VOTOPRE            1.000      0.000    999.000    999.000
    VOTOMUN            1.102      0.028     39.486      0.000
    VOTOINF            0.757      0.028     26.602      0.000

 LEG      BY
    ACTTALK            1.000      0.000    999.000    999.000
    ACTREP             0.929      0.032     28.902      0.000
    ACTMARCH           0.984      0.063     15.692      0.000
    ACTSIGN            1.091      0.066     16.615      0.000

 ILL      BY
    ACTSPRAY           1.000      0.000    999.000    999.000
    ACTBLOCK           1.123      0.034     33.512      0.000
    ACTOCUP            1.098      0.039     28.499      0.000

 LEG      WITH
    TURNOUT            0.114      0.010     11.900      0.000

 ILL      WITH
    TURNOUT           -0.049      0.010     -5.111      0.000
    LEG                0.084      0.009      9.021      0.000

 Intercepts
    ACTSPRAY           1.752      0.021     82.539      0.000
    ACTBLOCK           1.649      0.019     88.483      0.000
    ACTOCUP            1.652      0.020     82.974      0.000
    ACTTALK            2.786      0.018    152.326      0.000
    ACTREP             2.206      0.017    127.754      0.000
    ACTMARCH           2.553      0.017    148.500      0.000
    ACTSIGN            2.649      0.015    173.909      0.000
    VOTOPRE            3.519      0.016    213.829      0.000
    VOTOMUN            3.465      0.016    214.982      0.000
    VOTOINF            3.509      0.016    219.775      0.000

 Variances
    TURNOUT            0.359      0.019     19.390      0.000
    LEG                0.248      0.020     12.534      0.000
    ILL                0.412      0.026     15.927      0.000

 Residual Variances
    ACTSPRAY           0.454      0.018     25.163      0.000
    ACTBLOCK           0.177      0.018      9.931      0.000
    ACTOCUP            0.224      0.018     12.365      0.000
    ACTTALK            0.450      0.021     21.645      0.000
    ACTREP             0.350      0.015     23.443      0.000
    ACTMARCH           0.443      0.020     22.212      0.000
    ACTSIGN            0.393      0.017     23.655      0.000
    VOTOPRE            0.144      0.011     12.588      0.000
    VOTOMUN            0.112      0.011      9.932      0.000
    VOTOINF            0.337      0.013     24.972      0.000


STANDARDIZED MODEL RESULTS


STDYX Standardization

                                                    Two-Tailed
                    Estimate       S.E.  Est./S.E.    P-Value

 TURNOUT  BY
    VOTOPRE            0.845      0.013     65.202      0.000
    VOTOMUN            0.892      0.011     77.958      0.000
    VOTOINF            0.616      0.018     34.180      0.000

 LEG      BY
    ACTTALK            0.596      0.022     26.934      0.000
    ACTREP             0.616      0.020     31.239      0.000
    ACTMARCH           0.593      0.022     26.918      0.000
    ACTSIGN            0.655      0.019     34.851      0.000

 ILL      BY
    ACTSPRAY           0.690      0.016     44.106      0.000
    ACTBLOCK           0.864      0.014     62.117      0.000
    ACTOCUP            0.830      0.014     59.268      0.000

 LEG      WITH
    TURNOUT            0.383      0.023     16.715      0.000

 ILL      WITH
    TURNOUT           -0.128      0.024     -5.317      0.000
    LEG                0.262      0.028      9.437      0.000

 Intercepts
    ACTSPRAY           1.882      0.018    102.079      0.000
    ACTBLOCK           1.977      0.021     92.991      0.000
    ACTOCUP            1.947      0.018    107.742      0.000
    ACTTALK            3.335      0.049     67.654      0.000
    ACTREP             2.936      0.038     78.122      0.000
    ACTMARCH           3.089      0.038     82.361      0.000
    ACTSIGN            3.191      0.039     82.560      0.000
    VOTOPRE            4.961      0.110     45.154      0.000
    VOTOMUN            4.682      0.085     55.340      0.000
    VOTOINF            4.764      0.111     42.743      0.000

 Variances
    TURNOUT            1.000      0.000    999.000    999.000
    LEG                1.000      0.000    999.000    999.000
    ILL                1.000      0.000    999.000    999.000

 Residual Variances
    ACTSPRAY           0.525      0.022     24.327      0.000
    ACTBLOCK           0.254      0.024     10.559      0.000
    ACTOCUP            0.311      0.023     13.368      0.000
    ACTTALK            0.644      0.026     24.390      0.000
    ACTREP             0.620      0.024     25.491      0.000
    ACTMARCH           0.648      0.026     24.787      0.000
    ACTSIGN            0.571      0.025     23.204      0.000
    VOTOPRE            0.286      0.022     13.037      0.000
    VOTOMUN            0.204      0.020      9.969      0.000
    VOTOINF            0.620      0.022     27.914      0.000


R-SQUARE

    Observed                                        Two-Tailed
    Variable        Estimate       S.E.  Est./S.E.    P-Value

    ACTSPRAY           0.475      0.022     22.053      0.000
    ACTBLOCK           0.746      0.024     31.059      0.000
    ACTOCUP            0.689      0.023     29.634      0.000
    ACTTALK            0.356      0.026     13.467      0.000
    ACTREP             0.380      0.024     15.619      0.000
    ACTMARCH           0.352      0.026     13.459      0.000
    ACTSIGN            0.429      0.025     17.425      0.000
    VOTOPRE            0.714      0.022     32.601      0.000
    VOTOMUN            0.796      0.020     38.979      0.000
    VOTOINF            0.380      0.022     17.090      0.000


QUALITY OF NUMERICAL RESULTS

     Condition Number for the Information Matrix              0.274E-02
       (ratio of smallest to largest eigenvalue)


CONFIDENCE INTERVALS OF MODEL RESULTS

                  Lower .5%  Lower 2.5%    Lower 5%    Estimate    Upper 5%  Upper 2.5%   Upper .5%

 TURNOUT  BY
    VOTOPRE          1.000       1.000       1.000       1.000       1.000       1.000       1.000
    VOTOMUN          1.030       1.047       1.056       1.102       1.148       1.157       1.174
    VOTOINF          0.684       0.701       0.710       0.757       0.804       0.813       0.831

 LEG      BY
    ACTTALK          1.000       1.000       1.000       1.000       1.000       1.000       1.000
    ACTREP           0.847       0.866       0.877       0.929       0.982       0.992       1.012
    ACTMARCH         0.823       0.861       0.881       0.984       1.087       1.107       1.146
    ACTSIGN          0.922       0.962       0.983       1.091       1.199       1.220       1.260

 ILL      BY
    ACTSPRAY         1.000       1.000       1.000       1.000       1.000       1.000       1.000
    ACTBLOCK         1.037       1.057       1.068       1.123       1.178       1.189       1.209
    ACTOCUP          0.998       1.022       1.034       1.098       1.161       1.173       1.197

 LEG      WITH
    TURNOUT          0.090       0.095       0.098       0.114       0.130       0.133       0.139

 ILL      WITH
    TURNOUT         -0.074      -0.068      -0.065      -0.049      -0.033      -0.030      -0.024
    LEG              0.060       0.065       0.068       0.084       0.099       0.102       0.108

 Intercepts
    ACTSPRAY         1.697       1.710       1.717       1.752       1.787       1.793       1.807
    ACTBLOCK         1.601       1.612       1.618       1.649       1.680       1.685       1.697
    ACTOCUP          1.601       1.613       1.619       1.652       1.685       1.691       1.703
    ACTTALK          2.739       2.750       2.756       2.786       2.816       2.822       2.833
    ACTREP           2.162       2.172       2.178       2.206       2.235       2.240       2.251
    ACTMARCH         2.509       2.520       2.525       2.553       2.582       2.587       2.598
    ACTSIGN          2.609       2.619       2.624       2.649       2.674       2.678       2.688
    VOTOPRE          3.476       3.486       3.492       3.519       3.546       3.551       3.561
    VOTOMUN          3.424       3.434       3.439       3.465       3.492       3.497       3.507
    VOTOINF          3.468       3.478       3.483       3.509       3.536       3.541       3.551

 Variances
    TURNOUT          0.312       0.323       0.329       0.359       0.390       0.396       0.407
    LEG              0.197       0.209       0.216       0.248       0.281       0.287       0.299
    ILL              0.345       0.361       0.369       0.412       0.454       0.463       0.479

 Residual Variances
    ACTSPRAY         0.408       0.419       0.425       0.454       0.484       0.490       0.501
    ACTBLOCK         0.131       0.142       0.147       0.177       0.206       0.211       0.222
    ACTOCUP          0.177       0.188       0.194       0.224       0.254       0.259       0.270
    ACTTALK          0.396       0.409       0.415       0.450       0.484       0.490       0.503
    ACTREP           0.312       0.321       0.325       0.350       0.375       0.379       0.388
    ACTMARCH         0.391       0.404       0.410       0.443       0.476       0.482       0.494
    ACTSIGN          0.351       0.361       0.366       0.393       0.421       0.426       0.436
    VOTOPRE          0.114       0.121       0.125       0.144       0.162       0.166       0.173
    VOTOMUN          0.083       0.090       0.093       0.112       0.130       0.134       0.141
    VOTOINF          0.302       0.310       0.314       0.337       0.359       0.363       0.371


CONFIDENCE INTERVALS OF STANDARDIZED MODEL RESULTS


STDYX Standardization

                  Lower .5%  Lower 2.5%    Lower 5%    Estimate    Upper 5%  Upper 2.5%   Upper .5%

 TURNOUT  BY
    VOTOPRE          0.812       0.820       0.824       0.845       0.867       0.871       0.879
    VOTOMUN          0.863       0.870       0.874       0.892       0.911       0.915       0.922
    VOTOINF          0.570       0.581       0.587       0.616       0.646       0.652       0.663

 LEG      BY
    ACTTALK          0.539       0.553       0.560       0.596       0.633       0.640       0.653
    ACTREP           0.566       0.578       0.584       0.616       0.649       0.655       0.667
    ACTMARCH         0.536       0.550       0.557       0.593       0.629       0.636       0.650
    ACTSIGN          0.606       0.618       0.624       0.655       0.686       0.692       0.703

 ILL      BY
    ACTSPRAY         0.649       0.659       0.664       0.690       0.715       0.720       0.730
    ACTBLOCK         0.828       0.837       0.841       0.864       0.887       0.891       0.900
    ACTOCUP          0.794       0.803       0.807       0.830       0.853       0.858       0.866

 LEG      WITH
    TURNOUT          0.324       0.338       0.345       0.383       0.420       0.427       0.441

 ILL      WITH
    TURNOUT         -0.190      -0.175      -0.167      -0.128      -0.088      -0.081      -0.066
    LEG              0.190       0.207       0.216       0.262       0.307       0.316       0.333

 Intercepts
    ACTSPRAY         1.835       1.846       1.852       1.882       1.913       1.918       1.930
    ACTBLOCK         1.922       1.935       1.942       1.977       2.012       2.018       2.031
    ACTOCUP          1.900       1.911       1.917       1.947       1.977       1.982       1.993
    ACTTALK          3.208       3.238       3.254       3.335       3.416       3.431       3.462
    ACTREP           2.840       2.863       2.875       2.936       2.998       3.010       3.033
    ACTMARCH         2.992       3.016       3.027       3.089       3.151       3.163       3.186
    ACTSIGN          3.092       3.116       3.128       3.191       3.255       3.267       3.291
    VOTOPRE          4.678       4.746       4.781       4.961       5.142       5.177       5.244
    VOTOMUN          4.464       4.516       4.543       4.682       4.821       4.848       4.900
    VOTOINF          4.477       4.546       4.581       4.764       4.948       4.983       5.052

 Variances
    TURNOUT          1.000       1.000       1.000       1.000       1.000       1.000       1.000
    LEG              1.000       1.000       1.000       1.000       1.000       1.000       1.000
    ILL              1.000       1.000       1.000       1.000       1.000       1.000       1.000

 Residual Variances
    ACTSPRAY         0.469       0.482       0.489       0.525       0.560       0.567       0.580
    ACTBLOCK         0.192       0.207       0.214       0.254       0.293       0.301       0.316
    ACTOCUP          0.251       0.265       0.273       0.311       0.349       0.356       0.371
    ACTTALK          0.576       0.592       0.601       0.644       0.688       0.696       0.712
    ACTREP           0.557       0.572       0.580       0.620       0.660       0.668       0.683
    ACTMARCH         0.581       0.597       0.605       0.648       0.691       0.699       0.715
    ACTSIGN          0.508       0.523       0.531       0.571       0.612       0.619       0.635
    VOTOPRE          0.229       0.243       0.250       0.286       0.322       0.329       0.342
    VOTOMUN          0.151       0.164       0.170       0.204       0.237       0.244       0.256
    VOTOINF          0.563       0.577       0.584       0.620       0.657       0.664       0.677


MODEL MODIFICATION INDICES

NOTE:  Modification indices for direct effects of observed dependent variables
regressed on covariates may not be included.  To include these, request
MODINDICES (ALL).

Minimum M.I. value for printing the modification index    10.000

                                   M.I.     E.P.C.  Std E.P.C.  StdYX E.P.C.

BY Statements

TURNOUT  BY ACTSPRAY              24.726    -0.130     -0.078       -0.084
TURNOUT  BY ACTTALK               27.914     0.163      0.098        0.117
TURNOUT  BY ACTREP                19.761    -0.123     -0.074       -0.098
LEG      BY ACTSPRAY              21.732    -0.167     -0.083       -0.090
LEG      BY VOTOMUN               12.688    -0.099     -0.049       -0.067
LEG      BY VOTOINF               10.845     0.105      0.052        0.071
ILL      BY ACTTALK               44.994    -0.180     -0.116       -0.138
ILL      BY ACTREP                33.642     0.140      0.090        0.120

WITH Statements

ACTREP   WITH ACTTALK            177.125     0.156      0.156        0.394
ACTMARCH WITH ACTTALK             64.013    -0.102     -0.102       -0.228
ACTMARCH WITH ACTREP              31.003    -0.065     -0.065       -0.164
ACTSIGN  WITH ACTTALK             27.920    -0.071     -0.071       -0.169
ACTSIGN  WITH ACTREP              58.238    -0.094     -0.094       -0.254
ACTSIGN  WITH ACTMARCH           171.762     0.174      0.174        0.416
VOTOMUN  WITH ACTSPRAY            12.836    -0.024     -0.024       -0.106
VOTOMUN  WITH VOTOPRE             31.975     0.151      0.151        1.190
VOTOINF  WITH ACTMARCH            19.313     0.038      0.038        0.099
VOTOINF  WITH ACTSIGN             10.238     0.027      0.027        0.074
VOTOINF  WITH VOTOPRE             12.598    -0.041     -0.041       -0.185


     Beginning Time:  01:59:02
        Ending Time:  01:59:02
       Elapsed Time:  00:00:00



MUTHEN & MUTHEN
3463 Stoner Ave.
Los Angeles, CA  90066

Tel: (310) 391-9971
Fax: (310) 391-8971
Web: www.StatModel.com
Support: Support@StatModel.com

Copyright (c) 1998-2015 Muthen & Muthen
