Mplus VERSION 7.4
MUTHEN & MUTHEN
02/25/2021   1:59 AM

INPUT INSTRUCTIONS

  TITLE:
  SEM;
  DATA:
  FILE = "m7_f8e3dd7dc9de35d4350d48f4644ad423.dat";

  VARIABLE:
  NAMES = idschool_scr totwgts jkzones s_gender s_hisced actspray actblock actocup
       acttalk actrep actmarch actsign votopre votomun votoinf ital;
   MISSING=.;

    cluster = idschool_scr;
    Stratification = jkzones;
    Weight = totwgts;
  ANALYSIS:
  type = complex;
  MODEL:

     turnout BY votopre votomun votoinf;
     leg BY acttalk actrep actmarch actsign;
     ill BY actspray actblock actocup;

     turnout ON s_hisced s_gender ital ;
     leg ON s_hisced s_gender ital;
     ill ON s_hisced s_gender ital;


  OUTPUT:
  CINTERVAL sampstat mod stdyx;



*** WARNING
  Data set contains unknown or missing values for GROUPING,
  PATTERN, COHORT, CLUSTER and/or STRATIFICATION variables.
  Number of cases with unknown or missing values:  304
*** WARNING
  Data set contains cases with missing on x-variables.
  These cases were not included in the analysis.
  Number of cases with missing on x-variables:  147
*** WARNING
  Data set contains cases with missing on all variables except
  x-variables.  These cases were not included in the analysis.
  Number of cases with missing on all variables except x-variables:  27
   3 WARNING(S) FOUND IN THE INPUT INSTRUCTIONS




SEM;

SUMMARY OF ANALYSIS

Number of groups                                                 1
Number of observations                                        3266

Number of dependent variables                                   10
Number of independent variables                                  3
Number of continuous latent variables                            3

Observed dependent variables

  Continuous
   ACTSPRAY    ACTBLOCK    ACTOCUP     ACTTALK     ACTREP      ACTMARCH
   ACTSIGN     VOTOPRE     VOTOMUN     VOTOINF

Observed independent variables
   S_GENDER    S_HISCED    ITAL

Continuous latent variables
   TURNOUT     LEG         ILL

Variables with special functions

  Stratification        JKZONES
  Cluster variable      IDSCHOOL
  Weight variable       TOTWGTS

Estimator                                                      MLR
Information matrix                                        OBSERVED
Maximum number of iterations                                  1000
Convergence criterion                                    0.500D-04
Maximum number of steepest descent iterations                   20
Maximum number of iterations for H1                           2000
Convergence criterion for H1                             0.100D-03

Input data file(s)
  m7_f8e3dd7dc9de35d4350d48f4644ad423.dat

Input data format  FREE


SUMMARY OF DATA

     Number of missing data patterns            34
     Number of strata                      75
     Number of clusters                   170


COVARIANCE COVERAGE OF DATA

Minimum covariance coverage value   0.100


     PROPORTION OF DATA PRESENT


           Covariance Coverage
              ACTSPRAY      ACTBLOCK      ACTOCUP       ACTTALK       ACTREP
              ________      ________      ________      ________      ________
 ACTSPRAY       0.991
 ACTBLOCK       0.988         0.992
 ACTOCUP        0.989         0.990         0.992
 ACTTALK        0.989         0.991         0.991         0.995
 ACTREP         0.985         0.987         0.988         0.989         0.990
 ACTMARCH       0.982         0.983         0.985         0.985         0.983
 ACTSIGN        0.987         0.988         0.989         0.991         0.987
 VOTOPRE        0.988         0.990         0.990         0.992         0.988
 VOTOMUN        0.987         0.989         0.989         0.991         0.987
 VOTOINF        0.980         0.981         0.982         0.983         0.979
 S_GENDER       0.991         0.992         0.992         0.995         0.990
 S_HISCED       0.991         0.992         0.992         0.995         0.990
 ITAL           0.991         0.992         0.992         0.995         0.990


           Covariance Coverage
              ACTMARCH      ACTSIGN       VOTOPRE       VOTOMUN       VOTOINF
              ________      ________      ________      ________      ________
 ACTMARCH       0.987
 ACTSIGN        0.984         0.992
 VOTOPRE        0.985         0.989         0.995
 VOTOMUN        0.984         0.988         0.994         0.994
 VOTOINF        0.976         0.981         0.986         0.985         0.986
 S_GENDER       0.987         0.992         0.995         0.994         0.986
 S_HISCED       0.987         0.992         0.995         0.994         0.986
 ITAL           0.987         0.992         0.995         0.994         0.986


           Covariance Coverage
              S_GENDER      S_HISCED      ITAL
              ________      ________      ________
 S_GENDER       1.000
 S_HISCED       1.000         1.000
 ITAL           1.000         1.000         1.000


SAMPLE STATISTICS


     ESTIMATED SAMPLE STATISTICS


           Means
              ACTSPRAY      ACTBLOCK      ACTOCUP       ACTTALK       ACTREP
              ________      ________      ________      ________      ________
      1         1.745         1.648         1.650         2.796         2.208


           Means
              ACTMARCH      ACTSIGN       VOTOPRE       VOTOMUN       VOTOINF
              ________      ________      ________      ________      ________
      1         2.556         2.656         3.525         3.475         3.521


           Means
              S_GENDER      S_HISCED      ITAL
              ________      ________      ________
      1         0.487         2.351       201.486


           Covariances
              ACTSPRAY      ACTBLOCK      ACTOCUP       ACTTALK       ACTREP
              ________      ________      ________      ________      ________
 ACTSPRAY       0.860
 ACTBLOCK       0.459         0.697
 ACTOCUP        0.447         0.510         0.721
 ACTTALK        0.011         0.039         0.040         0.692
 ACTREP         0.089         0.139         0.126         0.299         0.562
 ACTMARCH       0.053         0.105         0.102         0.196         0.196
 ACTSIGN        0.062         0.110         0.115         0.238         0.213
 VOTOPRE       -0.070        -0.041        -0.037         0.156         0.086
 VOTOMUN       -0.106        -0.053        -0.053         0.143         0.083
 VOTOINF       -0.087        -0.064        -0.053         0.129         0.061
 S_GENDER      -0.033        -0.020        -0.028         0.021        -0.029
 S_HISCED      -0.049        -0.039        -0.017         0.084         0.041
 ITAL          -5.761        -6.284        -5.053         4.200        -1.139


           Covariances
              ACTMARCH      ACTSIGN       VOTOPRE       VOTOMUN       VOTOINF
              ________      ________      ________      ________      ________
 ACTMARCH       0.676
 ACTSIGN        0.335         0.686
 VOTOPRE        0.110         0.120         0.495
 VOTOMUN        0.110         0.121         0.390         0.537
 VOTOINF        0.125         0.123         0.261         0.288         0.526
 S_GENDER       0.046         0.041         0.006         0.002         0.031
 S_HISCED       0.013         0.003         0.056         0.080         0.080
 ITAL           1.012         1.864         5.002         6.419         8.059


           Covariances
              S_GENDER      S_HISCED      ITAL
              ________      ________      ________
 S_GENDER       0.250
 S_HISCED      -0.022         1.043
 ITAL           2.893         7.680      1548.713


           Correlations
              ACTSPRAY      ACTBLOCK      ACTOCUP       ACTTALK       ACTREP
              ________      ________      ________      ________      ________
 ACTSPRAY       1.000
 ACTBLOCK       0.593         1.000
 ACTOCUP        0.567         0.720         1.000
 ACTTALK        0.015         0.056         0.056         1.000
 ACTREP         0.129         0.222         0.198         0.480         1.000
 ACTMARCH       0.070         0.153         0.147         0.287         0.318
 ACTSIGN        0.080         0.160         0.164         0.346         0.344
 VOTOPRE       -0.107        -0.070        -0.062         0.267         0.163
 VOTOMUN       -0.156        -0.087        -0.086         0.235         0.151
 VOTOINF       -0.130        -0.106        -0.086         0.214         0.112
 S_GENDER      -0.072        -0.049        -0.067         0.049        -0.076
 S_HISCED      -0.051        -0.046        -0.020         0.099         0.053
 ITAL          -0.158        -0.191        -0.151         0.128        -0.039


           Correlations
              ACTMARCH      ACTSIGN       VOTOPRE       VOTOMUN       VOTOINF
              ________      ________      ________      ________      ________
 ACTMARCH       1.000
 ACTSIGN        0.492         1.000
 VOTOPRE        0.189         0.206         1.000
 VOTOMUN        0.182         0.200         0.756         1.000
 VOTOINF        0.210         0.204         0.511         0.542         1.000
 S_GENDER       0.112         0.100         0.018         0.006         0.084
 S_HISCED       0.015         0.004         0.078         0.107         0.109
 ITAL           0.031         0.057         0.181         0.223         0.282


           Correlations
              S_GENDER      S_HISCED      ITAL
              ________      ________      ________
 S_GENDER       1.000
 S_HISCED      -0.043         1.000
 ITAL           0.147         0.191         1.000


     MAXIMUM LOG-LIKELIHOOD VALUE FOR THE UNRESTRICTED (H1) MODEL IS -56322.255


UNIVARIATE SAMPLE STATISTICS


     UNIVARIATE HIGHER-ORDER MOMENT DESCRIPTIVE STATISTICS

         Variable/         Mean/     Skewness/   Minimum/ % with                Percentiles
        Sample Size      Variance    Kurtosis    Maximum  Min/Max      20%/60%    40%/80%    Median

     ACTSPRAY              1.743       1.033       1.000   52.52%       1.000      1.000      1.000
            3237.000       0.860       0.014       4.000    6.46%       2.000      2.000
     ACTBLOCK              1.648       1.208       1.000   54.23%       1.000      1.000      1.000
            3240.000       0.697       0.760       4.000    4.51%       2.000      2.000
     ACTOCUP               1.648       1.204       1.000   55.01%       1.000      1.000      1.000
            3241.000       0.720       0.661       4.000    4.75%       2.000      2.000
     ACTTALK               2.796      -0.311       1.000    6.77%       2.000      3.000      3.000
            3251.000       0.692      -0.437       4.000   19.81%       3.000      3.000
     ACTREP                2.208       0.324       1.000   14.97%       2.000      2.000      2.000
            3234.000       0.561      -0.083       4.000    4.85%       2.000      3.000
     ACTMARCH              2.556      -0.024       1.000    9.18%       2.000      2.000      3.000
            3223.000       0.676      -0.536       4.000   12.29%       3.000      3.000
     ACTSIGN               2.657      -0.160       1.000    8.27%       2.000      2.000      3.000
            3240.000       0.685      -0.513       4.000   14.69%       3.000      3.000
     VOTOPRE               3.526      -1.551       1.000    2.25%       3.000      4.000      4.000
            3249.000       0.495       2.268       4.000   63.00%       4.000      4.000
     VOTOMUN               3.475      -1.382       1.000    2.43%       3.000      3.000      4.000
            3246.000       0.537       1.544       4.000   59.89%       4.000      4.000
     VOTOINF               3.523      -1.537       1.000    2.36%       3.000      4.000      4.000
            3221.000       0.525       1.962       4.000   64.05%       4.000      4.000
     S_GENDER              0.487       0.050       0.000   51.10%       0.000      0.000      0.000
            3266.000       0.250      -1.997       1.000   48.90%       1.000      1.000
     S_HISCED              2.351       0.286       0.000    0.95%       2.000      2.000      2.000
            3266.000       1.043      -0.819       4.000   19.78%       2.000      3.000
     ITAL                201.486       0.075      54.949    0.03%     167.847    192.564    201.225
            3266.000    1548.713       0.173     326.241    0.52%     210.340    236.770


THE MODEL ESTIMATION TERMINATED NORMALLY



MODEL FIT INFORMATION

Number of Free Parameters                       42

Loglikelihood

          H0 Value                      -33127.564
          H0 Scaling Correction Factor      1.6498
            for MLR
          H1 Value                      -32725.329
          H1 Scaling Correction Factor      1.4272
            for MLR

Information Criteria

          Akaike (AIC)                   66339.127
          Bayesian (BIC)                 66594.963
          Sample-Size Adjusted BIC       66461.510
            (n* = (n + 2) / 24)

Chi-Square Test of Model Fit

          Value                            643.174*
          Degrees of Freedom                    53
          P-Value                           0.0000
          Scaling Correction Factor         1.2508
            for MLR

*   The chi-square value for MLM, MLMV, MLR, ULSMV, WLSM and WLSMV cannot be used
    for chi-square difference testing in the regular way.  MLM, MLR and WLSM
    chi-square difference testing is described on the Mplus website.  MLMV, WLSMV,
    and ULSMV difference testing is done using the DIFFTEST option.

RMSEA (Root Mean Square Error Of Approximation)

          Estimate                           0.058
          90 Percent C.I.                    0.054  0.062
          Probability RMSEA <= .05           0.000

CFI/TLI

          CFI                                0.930
          TLI                                0.901

Chi-Square Test of Model Fit for the Baseline Model

          Value                           8524.876
          Degrees of Freedom                    75
          P-Value                           0.0000

SRMR (Standardized Root Mean Square Residual)

          Value                              0.042



MODEL RESULTS

                                                    Two-Tailed
                    Estimate       S.E.  Est./S.E.    P-Value

 TURNOUT  BY
    VOTOPRE            1.000      0.000    999.000    999.000
    VOTOMUN            1.093      0.025     43.874      0.000
    VOTOINF            0.751      0.027     28.222      0.000

 LEG      BY
    ACTTALK            1.000      0.000    999.000    999.000
    ACTREP             0.916      0.035     26.171      0.000
    ACTMARCH           1.025      0.070     14.660      0.000
    ACTSIGN            1.118      0.073     15.249      0.000

 ILL      BY
    ACTSPRAY           1.000      0.000    999.000    999.000
    ACTBLOCK           1.146      0.036     31.521      0.000
    ACTOCUP            1.108      0.040     27.717      0.000

 TURNOUT  ON
    S_HISCED           0.040      0.013      3.103      0.002
    S_GENDER          -0.011      0.022     -0.503      0.615
    ITAL               0.004      0.000     10.534      0.000

 LEG      ON
    S_HISCED           0.028      0.012      2.360      0.018
    S_GENDER           0.074      0.022      3.423      0.001
    ITAL               0.001      0.000      1.838      0.066

 ILL      ON
    S_HISCED          -0.006      0.012     -0.488      0.626
    S_GENDER          -0.054      0.027     -2.034      0.042
    ITAL              -0.003      0.000     -8.360      0.000

 LEG      WITH
    TURNOUT            0.104      0.009     11.306      0.000

 ILL      WITH
    TURNOUT           -0.029      0.009     -3.155      0.002
    LEG                0.088      0.009      9.308      0.000

 Intercepts
    ACTSPRAY           2.435      0.090     26.950      0.000
    ACTBLOCK           2.439      0.089     27.255      0.000
    ACTOCUP            2.414      0.085     28.272      0.000
    ACTTALK            2.569      0.082     31.408      0.000
    ACTREP             1.999      0.072     27.726      0.000
    ACTMARCH           2.323      0.077     30.250      0.000
    ACTSIGN            2.402      0.084     28.490      0.000
    VOTOPRE            2.694      0.077     35.198      0.000
    VOTOMUN            2.566      0.083     30.813      0.000
    VOTOINF            2.896      0.062     46.423      0.000

 Residual Variances
    ACTSPRAY           0.458      0.018     24.883      0.000
    ACTBLOCK           0.169      0.018      9.168      0.000
    ACTOCUP            0.227      0.018     12.756      0.000
    ACTTALK            0.452      0.022     20.803      0.000
    ACTREP             0.361      0.016     22.610      0.000
    ACTMARCH           0.424      0.019     22.053      0.000
    ACTSIGN            0.386      0.018     21.600      0.000
    VOTOPRE            0.141      0.011     13.261      0.000
    VOTOMUN            0.113      0.011     10.697      0.000
    VOTOINF            0.326      0.013     25.056      0.000
    TURNOUT            0.330      0.018     18.024      0.000
    LEG                0.236      0.020     11.661      0.000
    ILL                0.384      0.024     15.918      0.000


STANDARDIZED MODEL RESULTS


STDYX Standardization

                                                    Two-Tailed
                    Estimate       S.E.  Est./S.E.    P-Value

 TURNOUT  BY
    VOTOPRE            0.846      0.012     69.834      0.000
    VOTOMUN            0.888      0.011     79.596      0.000
    VOTOINF            0.617      0.018     34.929      0.000

 LEG      BY
    ACTTALK            0.589      0.024     24.388      0.000
    ACTREP             0.598      0.022     27.276      0.000
    ACTMARCH           0.610      0.022     28.195      0.000
    ACTSIGN            0.661      0.020     33.016      0.000

 ILL      BY
    ACTSPRAY           0.684      0.016     42.589      0.000
    ACTBLOCK           0.870      0.014     60.964      0.000
    ACTOCUP            0.827      0.014     58.793      0.000

 TURNOUT  ON
    S_HISCED           0.069      0.022      3.069      0.002
    S_GENDER          -0.009      0.019     -0.503      0.615
    ITAL               0.244      0.023     10.629      0.000

 LEG      ON
    S_HISCED           0.058      0.024      2.440      0.015
    S_GENDER           0.076      0.022      3.421      0.001
    ITAL               0.050      0.027      1.889      0.059

 ILL      ON
    S_HISCED          -0.009      0.019     -0.489      0.625
    S_GENDER          -0.043      0.021     -2.038      0.042
    ITAL              -0.200      0.021     -9.616      0.000

 LEG      WITH
    TURNOUT            0.373      0.024     15.743      0.000

 ILL      WITH
    TURNOUT           -0.081      0.026     -3.160      0.002
    LEG                0.292      0.028     10.392      0.000

 Intercepts
    ACTSPRAY           2.625      0.081     32.542      0.000
    ACTBLOCK           2.921      0.096     30.456      0.000
    ACTOCUP            2.844      0.090     31.487      0.000
    ACTTALK            3.089      0.109     28.289      0.000
    ACTREP             2.668      0.100     26.639      0.000
    ACTMARCH           2.826      0.096     29.587      0.000
    ACTSIGN            2.901      0.109     26.697      0.000
    VOTOPRE            3.829      0.156     24.515      0.000
    VOTOMUN            3.502      0.141     24.753      0.000
    VOTOINF            3.994      0.141     28.229      0.000

 Residual Variances
    ACTSPRAY           0.533      0.022     24.272      0.000
    ACTBLOCK           0.242      0.025      9.747      0.000
    ACTOCUP            0.315      0.023     13.549      0.000
    ACTTALK            0.654      0.028     23.007      0.000
    ACTREP             0.642      0.026     24.473      0.000
    ACTMARCH           0.628      0.026     23.778      0.000
    ACTSIGN            0.563      0.026     21.272      0.000
    VOTOPRE            0.284      0.021     13.854      0.000
    VOTOMUN            0.211      0.020     10.652      0.000
    VOTOINF            0.619      0.022     28.429      0.000
    TURNOUT            0.930      0.012     76.909      0.000
    LEG                0.987      0.006    167.793      0.000
    ILL                0.955      0.009    109.884      0.000


R-SQUARE

    Observed                                        Two-Tailed
    Variable        Estimate       S.E.  Est./S.E.    P-Value

    ACTSPRAY           0.467      0.022     21.295      0.000
    ACTBLOCK           0.758      0.025     30.482      0.000
    ACTOCUP            0.685      0.023     29.396      0.000
    ACTTALK            0.346      0.028     12.194      0.000
    ACTREP             0.358      0.026     13.638      0.000
    ACTMARCH           0.372      0.026     14.097      0.000
    ACTSIGN            0.437      0.026     16.508      0.000
    VOTOPRE            0.716      0.021     34.917      0.000
    VOTOMUN            0.789      0.020     39.798      0.000
    VOTOINF            0.381      0.022     17.465      0.000

     Latent                                         Two-Tailed
    Variable        Estimate       S.E.  Est./S.E.    P-Value

    TURNOUT            0.070      0.012      5.783      0.000
    LEG                0.013      0.006      2.293      0.022
    ILL                0.045      0.009      5.198      0.000


QUALITY OF NUMERICAL RESULTS

     Condition Number for the Information Matrix              0.134E-06
       (ratio of smallest to largest eigenvalue)


CONFIDENCE INTERVALS OF MODEL RESULTS

                  Lower .5%  Lower 2.5%    Lower 5%    Estimate    Upper 5%  Upper 2.5%   Upper .5%

 TURNOUT  BY
    VOTOPRE          1.000       1.000       1.000       1.000       1.000       1.000       1.000
    VOTOMUN          1.029       1.044       1.052       1.093       1.134       1.142       1.157
    VOTOINF          0.683       0.699       0.708       0.751       0.795       0.804       0.820

 LEG      BY
    ACTTALK          1.000       1.000       1.000       1.000       1.000       1.000       1.000
    ACTREP           0.826       0.847       0.858       0.916       0.974       0.985       1.006
    ACTMARCH         0.845       0.888       0.910       1.025       1.140       1.162       1.205
    ACTSIGN          0.929       0.974       0.997       1.118       1.239       1.262       1.307

 ILL      BY
    ACTSPRAY         1.000       1.000       1.000       1.000       1.000       1.000       1.000
    ACTBLOCK         1.052       1.075       1.086       1.146       1.206       1.217       1.240
    ACTOCUP          1.005       1.029       1.042       1.108       1.173       1.186       1.210

 TURNOUT  ON
    S_HISCED         0.007       0.015       0.019       0.040       0.061       0.065       0.073
    S_GENDER        -0.068      -0.055      -0.048      -0.011       0.025       0.032       0.046
    ITAL             0.003       0.003       0.003       0.004       0.004       0.004       0.005

 LEG      ON
    S_HISCED        -0.003       0.005       0.008       0.028       0.047       0.051       0.058
    S_GENDER         0.018       0.032       0.039       0.074       0.110       0.117       0.130
    ITAL             0.000       0.000       0.000       0.001       0.001       0.001       0.001

 ILL      ON
    S_HISCED        -0.036      -0.029      -0.025      -0.006       0.014       0.017       0.025
    S_GENDER        -0.123      -0.106      -0.098      -0.054      -0.010      -0.002       0.014
    ITAL            -0.004      -0.004      -0.004      -0.003      -0.003      -0.002      -0.002

 LEG      WITH
    TURNOUT          0.080       0.086       0.089       0.104       0.119       0.122       0.128

 ILL      WITH
    TURNOUT         -0.052      -0.047      -0.044      -0.029      -0.014      -0.011      -0.005
    LEG              0.064       0.069       0.072       0.088       0.103       0.106       0.112

 Intercepts
    ACTSPRAY         2.202       2.258       2.286       2.435       2.584       2.612       2.668
    ACTBLOCK         2.208       2.264       2.292       2.439       2.586       2.614       2.669
    ACTOCUP          2.194       2.247       2.273       2.414       2.554       2.581       2.634
    ACTTALK          2.358       2.409       2.434       2.569       2.703       2.729       2.779
    ACTREP           1.814       1.858       1.881       1.999       2.118       2.141       2.185
    ACTMARCH         2.126       2.173       2.197       2.323       2.450       2.474       2.521
    ACTSIGN          2.185       2.237       2.263       2.402       2.541       2.567       2.619
    VOTOPRE          2.497       2.544       2.568       2.694       2.820       2.844       2.891
    VOTOMUN          2.352       2.403       2.429       2.566       2.703       2.729       2.781
    VOTOINF          2.736       2.774       2.794       2.896       2.999       3.019       3.057

 Residual Variances
    ACTSPRAY         0.411       0.422       0.428       0.458       0.489       0.494       0.506
    ACTBLOCK         0.121       0.133       0.139       0.169       0.199       0.205       0.216
    ACTOCUP          0.181       0.192       0.198       0.227       0.257       0.262       0.273
    ACTTALK          0.396       0.409       0.416       0.452       0.488       0.495       0.508
    ACTREP           0.320       0.329       0.334       0.361       0.387       0.392       0.402
    ACTMARCH         0.375       0.387       0.393       0.424       0.456       0.462       0.474
    ACTSIGN          0.340       0.351       0.357       0.386       0.415       0.421       0.432
    VOTOPRE          0.113       0.120       0.123       0.141       0.158       0.161       0.168
    VOTOMUN          0.086       0.093       0.096       0.113       0.131       0.134       0.141
    VOTOINF          0.292       0.300       0.304       0.326       0.347       0.351       0.359
    TURNOUT          0.283       0.294       0.300       0.330       0.360       0.365       0.377
    LEG              0.184       0.197       0.203       0.236       0.270       0.276       0.289
    ILL              0.322       0.337       0.344       0.384       0.424       0.431       0.446


CONFIDENCE INTERVALS OF STANDARDIZED MODEL RESULTS


STDYX Standardization

                  Lower .5%  Lower 2.5%    Lower 5%    Estimate    Upper 5%  Upper 2.5%   Upper .5%

 TURNOUT  BY
    VOTOPRE          0.815       0.822       0.826       0.846       0.866       0.870       0.877
    VOTOMUN          0.859       0.866       0.870       0.888       0.907       0.910       0.917
    VOTOINF          0.571       0.582       0.588       0.617       0.646       0.651       0.662

 LEG      BY
    ACTTALK          0.526       0.541       0.549       0.589       0.628       0.636       0.651
    ACTREP           0.542       0.555       0.562       0.598       0.634       0.641       0.655
    ACTMARCH         0.554       0.568       0.574       0.610       0.646       0.652       0.666
    ACTSIGN          0.609       0.622       0.628       0.661       0.694       0.700       0.713

 ILL      BY
    ACTSPRAY         0.642       0.652       0.657       0.684       0.710       0.715       0.725
    ACTBLOCK         0.834       0.842       0.847       0.870       0.894       0.898       0.907
    ACTOCUP          0.791       0.800       0.804       0.827       0.851       0.855       0.864

 TURNOUT  ON
    S_HISCED         0.011       0.025       0.032       0.069       0.105       0.112       0.126
    S_GENDER        -0.057      -0.046      -0.040      -0.009       0.021       0.027       0.039
    ITAL             0.185       0.199       0.206       0.244       0.281       0.289       0.303

 LEG      ON
    S_HISCED        -0.003       0.011       0.019       0.058       0.097       0.105       0.119
    S_GENDER         0.019       0.032       0.039       0.076       0.112       0.119       0.133
    ITAL            -0.018      -0.002       0.006       0.050       0.094       0.102       0.119

 ILL      ON
    S_HISCED        -0.058      -0.046      -0.040      -0.009       0.022       0.028       0.040
    S_GENDER        -0.097      -0.084      -0.077      -0.043      -0.008      -0.002       0.011
    ITAL            -0.254      -0.241      -0.234      -0.200      -0.166      -0.159      -0.147

 LEG      WITH
    TURNOUT          0.312       0.326       0.334       0.373       0.412       0.419       0.434

 ILL      WITH
    TURNOUT         -0.147      -0.131      -0.123      -0.081      -0.039      -0.031      -0.015
    LEG              0.219       0.237       0.245       0.292       0.338       0.347       0.364

 Intercepts
    ACTSPRAY         2.417       2.467       2.492       2.625       2.758       2.783       2.833
    ACTBLOCK         2.674       2.733       2.764       2.921       3.079       3.109       3.169
    ACTOCUP          2.611       2.667       2.695       2.844       2.992       3.021       3.076
    ACTTALK          2.807       2.875       2.909       3.089       3.268       3.303       3.370
    ACTREP           2.410       2.471       2.503       2.668       2.832       2.864       2.926
    ACTMARCH         2.580       2.639       2.669       2.826       2.983       3.013       3.072
    ACTSIGN          2.622       2.688       2.723       2.901       3.080       3.114       3.181
    VOTOPRE          3.426       3.523       3.572       3.829       4.086       4.135       4.231
    VOTOMUN          3.138       3.225       3.270       3.502       3.735       3.780       3.867
    VOTOINF          3.630       3.717       3.761       3.994       4.227       4.272       4.359

 Residual Variances
    ACTSPRAY         0.476       0.490       0.497       0.533       0.569       0.576       0.589
    ACTBLOCK         0.178       0.194       0.201       0.242       0.283       0.291       0.306
    ACTOCUP          0.256       0.270       0.277       0.315       0.354       0.361       0.375
    ACTTALK          0.580       0.598       0.607       0.654       0.700       0.709       0.727
    ACTREP           0.575       0.591       0.599       0.642       0.685       0.694       0.710
    ACTMARCH         0.560       0.576       0.584       0.628       0.671       0.680       0.696
    ACTSIGN          0.495       0.511       0.520       0.563       0.607       0.615       0.631
    VOTOPRE          0.231       0.244       0.250       0.284       0.318       0.324       0.337
    VOTOMUN          0.160       0.172       0.179       0.211       0.244       0.250       0.262
    VOTOINF          0.563       0.577       0.584       0.619       0.655       0.662       0.676
    TURNOUT          0.899       0.906       0.910       0.930       0.950       0.954       0.961
    LEG              0.971       0.975       0.977       0.987       0.996       0.998       1.002
    ILL              0.932       0.938       0.941       0.955       0.969       0.972       0.977


MODEL MODIFICATION INDICES

NOTE:  Modification indices for direct effects of observed dependent variables
regressed on covariates may not be included.  To include these, request
MODINDICES (ALL).

Minimum M.I. value for printing the modification index    10.000

                                   M.I.     E.P.C.  Std E.P.C.  StdYX E.P.C.

BY Statements

TURNOUT  BY ACTSPRAY              27.522    -0.137     -0.082       -0.088
TURNOUT  BY ACTTALK               29.642     0.166      0.099        0.119
TURNOUT  BY ACTREP                14.647    -0.106     -0.063       -0.084
LEG      BY ACTSPRAY              20.943    -0.166     -0.081       -0.088
LEG      BY VOTOMUN               15.058    -0.107     -0.052       -0.072
LEG      BY VOTOINF               14.690     0.121      0.059        0.082
ILL      BY ACTTALK               47.459    -0.185     -0.117       -0.141
ILL      BY ACTREP                37.304     0.148      0.094        0.125

WITH Statements

ACTREP   WITH ACTTALK            202.160     0.161      0.161        0.399
ACTMARCH WITH ACTTALK             68.898    -0.104     -0.104       -0.237
ACTMARCH WITH ACTREP              30.457    -0.063     -0.063       -0.160
ACTSIGN  WITH ACTTALK             33.287    -0.076     -0.076       -0.182
ACTSIGN  WITH ACTREP              51.700    -0.086     -0.086       -0.231
ACTSIGN  WITH ACTMARCH           160.044     0.168      0.168        0.416
VOTOMUN  WITH ACTSPRAY            15.218    -0.026     -0.026       -0.112
VOTOMUN  WITH VOTOPRE             80.226     0.199      0.199        1.573
VOTOINF  WITH ACTMARCH            17.584     0.035      0.035        0.094
VOTOINF  WITH VOTOPRE             10.593    -0.032     -0.032       -0.150


     Beginning Time:  01:59:04
        Ending Time:  01:59:04
       Elapsed Time:  00:00:00



MUTHEN & MUTHEN
3463 Stoner Ave.
Los Angeles, CA  90066

Tel: (310) 391-9971
Fax: (310) 391-8971
Web: www.StatModel.com
Support: Support@StatModel.com

Copyright (c) 1998-2015 Muthen & Muthen
